<?xml version="1.0" encoding="UTF-8"?>
<!-- Generated by org.testng.reporters.JUnitReportReporter -->
<testsuite hostname="admin-1" failures="1" tests="16" name="com.bridgelabz.fundoo.restassured.NoteImplRestAssuredTest" time="1.702" errors="0" timestamp="2019-12-12T12:39:27 IST" skipped="0">
  <testcase classname="com.bridgelabz.fundoo.restassured.NoteImplRestAssuredTest" name="showNotesTest" time="0.025"/>
  <testcase classname="com.bridgelabz.fundoo.restassured.NoteImplRestAssuredTest" name="sortNotesByDateTest" time="0.025"/>
  <testcase classname="com.bridgelabz.fundoo.restassured.NoteImplRestAssuredTest" name="trashTest" time="0.024"/>
  <testcase classname="com.bridgelabz.fundoo.restassured.NoteImplRestAssuredTest" name="deleteRemainderTest" time="0.047"/>
  <testcase classname="com.bridgelabz.fundoo.restassured.NoteImplRestAssuredTest" name="addCollaboratorTest" time="1.197"/>
  <testcase classname="com.bridgelabz.fundoo.restassured.NoteImplRestAssuredTest" name="sortNotesByTitleInDescTest" time="0.017"/>
  <testcase classname="com.bridgelabz.fundoo.restassured.NoteImplRestAssuredTest" name="archiveTest" time="0.038"/>
  <testcase classname="com.bridgelabz.fundoo.restassured.NoteImplRestAssuredTest" name="pinTest" time="0.031"/>
  <testcase classname="com.bridgelabz.fundoo.restassured.NoteImplRestAssuredTest" name="sortNotesByTitleTest" time="0.019"/>
  <testcase classname="com.bridgelabz.fundoo.restassured.NoteImplRestAssuredTest" name="editRemainderTest" time="0.040">
    <failure message="expected:&lt;200&gt; but was:&lt;500&gt;" type="java.lang.AssertionError">
      <![CDATA[java.lang.AssertionError: expected:<200> but was:<500>
at org.junit.Assert.fail(Assert.java:88)
at org.junit.Assert.failNotEquals(Assert.java:834)
at org.junit.Assert.assertEquals(Assert.java:645)
at org.junit.Assert.assertEquals(Assert.java:631)
at com.bridgelabz.fundoo.restassured.NoteImplRestAssuredTest.editRemainderTest(NoteImplRestAssuredTest.java:278)
at java.base/jdk.internal.reflect.NativeMethodAccessorImpl.invoke0(Native Method)
at java.base/jdk.internal.reflect.NativeMethodAccessorImpl.invoke(NativeMethodAccessorImpl.java:62)
at java.base/jdk.internal.reflect.DelegatingMethodAccessorImpl.invoke(DelegatingMethodAccessorImpl.java:43)
at java.base/java.lang.reflect.Method.invoke(Method.java:566)
at org.testng.internal.MethodInvocationHelper.invokeMethod(MethodInvocationHelper.java:133)
at org.testng.internal.TestInvoker.invokeMethod(TestInvoker.java:584)
at org.testng.internal.TestInvoker.invokeTestMethod(TestInvoker.java:172)
at org.testng.internal.MethodRunner.runInSequence(MethodRunner.java:46)
at org.testng.internal.TestInvoker$MethodInvocationAgent.invoke(TestInvoker.java:804)
at org.testng.internal.TestInvoker.invokeTestMethods(TestInvoker.java:145)
at org.testng.internal.TestMethodWorker.invokeTestMethods(TestMethodWorker.java:146)
at org.testng.internal.TestMethodWorker.run(TestMethodWorker.java:128)
at java.base/java.util.ArrayList.forEach(ArrayList.java:1540)
at org.testng.TestRunner.privateRun(TestRunner.java:770)
at org.testng.TestRunner.run(TestRunner.java:591)
at org.testng.SuiteRunner.runTest(SuiteRunner.java:402)
at org.testng.SuiteRunner.runSequentially(SuiteRunner.java:396)
at org.testng.SuiteRunner.privateRun(SuiteRunner.java:355)
at org.testng.SuiteRunner.run(SuiteRunner.java:304)
at org.testng.SuiteRunnerWorker.runSuite(SuiteRunnerWorker.java:53)
at org.testng.SuiteRunnerWorker.run(SuiteRunnerWorker.java:96)
at org.testng.TestNG.runSuitesSequentially(TestNG.java:1180)
at org.testng.TestNG.runSuitesLocally(TestNG.java:1102)
at org.testng.TestNG.runSuites(TestNG.java:1032)
at org.testng.TestNG.run(TestNG.java:1000)
at org.testng.remote.AbstractRemoteTestNG.run(AbstractRemoteTestNG.java:115)
at org.testng.remote.RemoteTestNG.initAndRun(RemoteTestNG.java:251)
at org.testng.remote.RemoteTestNG.main(RemoteTestNG.java:77)
]]>
    </failure>
  </testcase> <!-- editRemainderTest -->
  <testcase classname="com.bridgelabz.fundoo.restassured.NoteImplRestAssuredTest" name="createNoteApiTest" time="0.030"/>
  <testcase classname="com.bridgelabz.fundoo.restassured.NoteImplRestAssuredTest" name="addRemainderTest" time="0.059"/>
  <testcase classname="com.bridgelabz.fundoo.restassured.NoteImplRestAssuredTest" name="removeCollaboratorTest" time="0.023"/>
  <testcase classname="com.bridgelabz.fundoo.restassured.NoteImplRestAssuredTest" name="sortNotesByDateInDescTest" time="0.019"/>
  <testcase classname="com.bridgelabz.fundoo.restassured.NoteImplRestAssuredTest" name="findnoteTest" time="0.023"/>
  <testcase classname="com.bridgelabz.fundoo.restassured.NoteImplRestAssuredTest" name="updatenoteTest" time="0.085"/>
</testsuite> <!-- com.bridgelabz.fundoo.restassured.NoteImplRestAssuredTest -->
